<?xml version="1.0" encoding="UTF-8"?>
<!-- Generated by org.testng.reporters.JUnitReportReporter -->
<testsuite hostname="DESKTOP-E8SADNQ" failures="0" tests="1" name="com.Automation_V1.testCases.TC_LoginPage_001" time="3.398" errors="0" timestamp="2021-07-03T23:25:22 IST" skipped="0">
  <testcase classname="com.Automation_V1.testCases.TC_LoginPage_001" name="loginTest" time="3.398"/>
  <system-out/>
</testsuite> <!-- com.Automation_V1.testCases.TC_LoginPage_001 -->
